c:\users\deepblueibm\desktop\ergasia cpp\ergasia\ergasia\x64\release\vc143.pdb
c:\users\deepblueibm\desktop\ergasia cpp\ergasia\ergasia\x64\release\movie.obj
c:\users\deepblueibm\desktop\ergasia cpp\ergasia\ergasia\x64\release\main.obj
c:\users\deepblueibm\desktop\ergasia cpp\ergasia\ergasia\x64\release\poster.obj
c:\users\deepblueibm\desktop\ergasia cpp\ergasia\bin\ergasia.exe
c:\users\deepblueibm\desktop\ergasia cpp\ergasia\ergasia\x64\release\ergasia.ipdb
c:\users\deepblueibm\desktop\ergasia cpp\ergasia\bin\ergasia.pdb
c:\users\deepblueibm\desktop\ergasia cpp\ergasia\ergasia\x64\release\ergasia.iobj
c:\users\giorg\desktop\ergasia cpp\ergasia\ergasia\x64\release\main.obj
c:\users\giorg\desktop\ergasia cpp\ergasia\ergasia\x64\release\movie.obj
c:\users\giorg\desktop\ergasia cpp\ergasia\ergasia\x64\release\poster.obj
c:\users\giorg\desktop\ergasia cpp\ergasia\ergasia\x64\release\ergasia.ipdb
c:\users\giorg\desktop\ergasia cpp\ergasia\ergasia\x64\release\ergasia.iobj
c:\users\giorg\desktop\ergasia cpp\ergasia\ergasia\x64\release\vc143.pdb
c:\users\giorg\desktop\ergasia cpp\ergasia\bin\ergasia.pdb
c:\users\giorg\desktop\ergasia cpp\ergasia\bin\ergasia.exe
c:\users\giorg\desktop\ergasia cpp\ergasia\ergasia\x64\release\ergasia.tlog\cl.command.1.tlog
c:\users\giorg\desktop\ergasia cpp\ergasia\ergasia\x64\release\ergasia.tlog\cl.read.1.tlog
c:\users\giorg\desktop\ergasia cpp\ergasia\ergasia\x64\release\ergasia.tlog\cl.write.1.tlog
c:\users\giorg\desktop\ergasia cpp\ergasia\ergasia\x64\release\ergasia.tlog\link.command.1.tlog
c:\users\giorg\desktop\ergasia cpp\ergasia\ergasia\x64\release\ergasia.tlog\link.read.1.tlog
c:\users\giorg\desktop\ergasia cpp\ergasia\ergasia\x64\release\ergasia.tlog\link.write.1.tlog
